<?xml version='1.0' encoding='UTF-8'?>
<testsuite hostname="192.168.10.41" name="controllers.ApplicationControllerSpec" tests="5" errors="0" failures="0" skipped="0" time="0.061" timestamp="2023-12-23T02:36:38">
          <properties>
      <property name="awt.toolkit" value="sun.lwawt.macosx.LWCToolkit"/><property name="java.specification.version" value="11"/><property name="sun.cpu.isalist" value=""/><property name="sun.jnu.encoding" value="UTF-8"/><property name="sun.arch.data.model" value="64"/><property name="sbt.supershell" value="false"/><property name="java.vendor.url" value="https://openjdk.java.net/"/><property name="sun.boot.library.path" value="/Library/Java/JavaVirtualMachines/jdk-11.jdk/Contents/Home/lib"/><property name="sun.java.command" value="/Users/omiros.trypatsas/Library/Application Support/JetBrains/IntelliJIdea2023.2/plugins/Scala/launcher/sbt-launch.jar early(addPluginSbtFile=&quot;&quot;&quot;/private/var/folders/cc/5vhpsb1n5mjc1tc2tdppsy5w0000gn/T/idea2.sbt&quot;&quot;&quot;) ; set ideaPort in Global := 49546 ; idea-shell"/><property name="jdk.debug" value="release"/><property name="java.specification.vendor" value="Oracle Corporation"/><property name="java.version.date" value="2023-04-18"/><property name="java.home" value="/Library/Java/JavaVirtualMachines/jdk-11.jdk/Contents/Home"/><property name="file.separator" value="/"/><property name="java.vm.compressedOopsMode" value="Zero based"/><property name="line.separator" value="
"/><property name="java.specification.name" value="Java Platform API Specification"/><property name="java.vm.specification.vendor" value="Oracle Corporation"/><property name="idea.installation.dir" value="/Applications/IntelliJ IDEA.app/Contents"/><property name="sun.management.compiler" value="HotSpot 64-Bit Tiered Compilers"/><property name="java.runtime.version" value="11.0.19+9-LTS-224"/><property name="user.name" value="omiros.trypatsas"/><property name="log4j.ignoreTCL" value="true"/><property name="file.encoding" value="UTF-8"/><property name="java.vendor.version" value="18.9"/><property name="java.io.tmpdir" value="/var/folders/cc/5vhpsb1n5mjc1tc2tdppsy5w0000gn/T/"/><property name="java.version" value="11.0.19"/><property name="java.vm.specification.name" value="Java Virtual Machine Specification"/><property name="java.awt.printerjob" value="sun.lwawt.macosx.CPrinterJob"/><property name="sun.os.patch.level" value="unknown"/><property name="java.library.path" value="/Users/omiros.trypatsas/Library/Java/Extensions:/Library/Java/Extensions:/Network/Library/Java/Extensions:/System/Library/Java/Extensions:/usr/lib/java:."/><property name="java.vendor" value="Oracle Corporation"/><property name="sun.io.unicode.encoding" value="UnicodeBig"/><property name="socksNonProxyHosts" value="local|*.local|169.254/16|*.169.254/16"/><property name="gopherProxySet" value="false"/><property name="java.class.path" value="/Users/omiros.trypatsas/Library/Application Support/JetBrains/IntelliJIdea2023.2/plugins/Scala/launcher/sbt-launch.jar"/><property name="java.vm.vendor" value="Oracle Corporation"/><property name="jline.shutdownhook" value="false"/><property name="user.timezone" value="Asia/Nicosia"/><property name="os.name" value="Mac OS X"/><property name="java.vm.specification.version" value="11"/><property name="sun.java.launcher" value="SUN_STANDARD"/><property name="user.country" value="GB"/><property name="http.nonProxyHosts" value="local|*.local|169.254/16|*.169.254/16"/><property name="sun.cpu.endian" value="little"/><property name="user.home" value="/Users/omiros.trypatsas"/><property name="user.language" value="en"/><property name="swoval.tmpdir" value="/Users/omiros.trypatsas/.sbt/1.0"/><property name="java.awt.graphicsenv" value="sun.awt.CGraphicsEnvironment"/><property name="jline.esc.timeout" value="0"/><property name="ftp.nonProxyHosts" value="local|*.local|169.254/16|*.169.254/16"/><property name="path.separator" value=":"/><property name="os.version" value="14.1.1"/><property name="jna.nosys" value="true"/><property name="java.runtime.name" value="Java(TM) SE Runtime Environment"/><property name="java.vm.name" value="Java HotSpot(TM) 64-Bit Server VM"/><property name="java.vendor.url.bug" value="https://bugreport.java.com/bugreport/"/><property name="user.dir" value="/Users/omiros.trypatsas/IdeaProjects/play-template"/><property name="os.arch" value="aarch64"/><property name="idea.managed" value="true"/><property name="java.vm.info" value="mixed mode"/><property name="java.vm.version" value="11.0.19+9-LTS-224"/><property name="java.class.version" value="55.0"/>
    </properties>
          <testcase classname="controllers.ApplicationControllerSpec" name="ApplicationController .index() should return TODO" time="0.024">
                      
                    </testcase><testcase classname="controllers.ApplicationControllerSpec" name="ApplicationController .create should create a book in the database" time="0.008">
                      
                    </testcase><testcase classname="controllers.ApplicationControllerSpec" name="ApplicationController .read() should find a book in the database by id" time="0.013">
                      
                    </testcase><testcase classname="controllers.ApplicationControllerSpec" name="ApplicationController .update() should return TODO" time="0.01">
                      
                    </testcase><testcase classname="controllers.ApplicationControllerSpec" name="ApplicationController .delete() should return TODO" time="0.006">
                      
                    </testcase>
          <system-out><![CDATA[]]></system-out>
          <system-err><![CDATA[]]></system-err>
        </testsuite>